commit 20cb8bdebe5dd21255779a75a335c49ba0c6d4c0
Author: Zazzle <2405677060@qq.com>
Date:   Wed Jul 17 14:14:29 2024 +0800

    fixed a stupid bug about srl and sra

commit d39b5d2492a2f2f1fde3a0227d8f6445247ac0c5
Author: Zazzle <2405677060@qq.com>
Date:   Sun Jun 23 10:44:01 2024 +0800

    csr instr fully supported

commit 0483e586061ee13a6ab1afcc9cee4859d354eba6
Author: Zazzle <2405677060@qq.com>
Date:   Sat Jun 22 22:08:51 2024 +0800

    add support to CSRRW instr

commit 7be471fbb40dcd7bced49b5961e40b85fdea5266
Author: Zazzle <2405677060@qq.com>
Date:   Sat Jun 22 21:39:01 2024 +0800

    add csr reg device

commit 152e4f159f9f199e91b6ec4d87a5fa6dc9d4498c
Author: Zazzle <2405677060@qq.com>
Date:   Wed Jun 19 17:47:27 2024 +0800

    addd MUL and DIV support

commit 13833e6359472960864e4578b96f54b39e05ef39
Author: Zazzle <2405677060@qq.com>
Date:   Tue Jun 18 22:01:09 2024 +0800

    support RISCV Basic Instructions, except ECALL and EFENCE

commit 28a1b90e2b7d0f4df39e3f2f08fadc3838955221
Author: Zazzle <2405677060@qq.com>
Date:   Tue Jun 18 20:20:22 2024 +0800

    add basic jar/jarl instr

commit 5cb521568cbb9355ea5bd8dff5e12f42ddf0265e
Author: Zazzle <2405677060@qq.com>
Date:   Tue Jun 18 15:56:04 2024 +0800

    add gitignore file

commit 78b590741750d9e68b389ac839bf659411ce582f
Author: Zazzle <2405677060@qq.com>
Date:   Tue Jun 18 11:37:03 2024 +0800

    merge done

commit 8de3f8d323929a342fbf4b8b1072026dd441ce12
Merge: 990c557 ceb308f
Author: Zazzle <2405677060@qq.com>
Date:   Tue Jun 18 11:32:49 2024 +0800

    Merge branch 'bugFindonSB'

commit ceb308fcbd42ebf60ca15d30e0ed3b00618a1247
Author: Zazzle <2405677060@qq.com>
Date:   Tue Jun 18 11:28:15 2024 +0800

    forgot to change a func_name, stupied bug...

commit 990c5573be3d8c72b7ed3a5835513fbd9db00ce0
Author: Zazzle <2405677060@qq.com>
Date:   Tue Jun 18 11:08:21 2024 +0800

    strange error on sb-test..

commit 707e5a4e1a1d0ceed6bf6497763265f6596fea28
Author: Zazzle <2405677060@qq.com>
Date:   Mon Jun 17 22:44:34 2024 +0800

    use device buffer to speed up read/write operation

commit 930070f73d55b30330955328f68a43f1ed0b5853
Author: Zazzle <2405677060@qq.com>
Date:   Mon Jun 17 21:48:07 2024 +0800

    add support for load operations, lb, lh, lw, lbu, lhu

commit dffc38a28f0e7c24a58dd2f026458099af9602a0
Author: Zazzle <2405677060@qq.com>
Date:   Mon Jun 17 16:59:35 2024 +0800

    full support to strore info, SB, SH, SW

commit d61541b21bb3dab2769a3a50046120a78ecda11d
Author: Zazzle <2405677060@qq.com>
Date:   Mon Jun 17 14:42:08 2024 +0800

    add function of read and write on different devices

commit abe7413444dadc28f7a87838095464129f9dc9a2
Author: Zazzle <2405677060@qq.com>
Date:   Sun Jun 16 10:06:13 2024 +0800

    add support to LUI instruction and prepare to LOAD/STORE

commit 3c09c8a5427dff82bda36ea76352228f7e80d5ea
Author: Zazzle <2405677060@qq.com>
Date:   Sat Jun 15 20:37:44 2024 +0800

    add support to I-type and R-type Instructions

commit 748d3420ac9cd0659fce2ab2d299f630411d654f
Author: Zazzle <2405677060@qq.com>
Date:   Sat Jun 15 11:18:21 2024 +0800

    add support to ori and fix Endianness problem

commit e5c9be12bcee5b7e066390c78fde73d3ba3153fc
Author: Zazzle <2405677060@qq.com>
Date:   Fri Jun 14 23:01:21 2024 +0800

    support addi, learnt some C grammar

commit 8e2672ec27259db9030cccc9f22c67ebbe7aedda
Author: Zazzle <2405677060@qq.com>
Date:   Thu Jun 13 18:03:03 2024 +0800

    support ebreak command

commit b2a33ad490752fcdf7571bf4ea28edb5e70ffc69
Author: Zazzle <2405677060@qq.com>
Date:   Thu Jun 13 16:02:18 2024 +0800

    load test code from skeleton and fix some naming

commit 9cecb3ade8bbfd7aadd87b45b5c829f5b6d6ce18
Author: Zazzle <2405677060@qq.com>
Date:   Thu Jun 13 14:46:54 2024 +0800

    02.06 add riscv_reset() func

commit ef3075080953c12b11ed79ab67eed249e29fd955
Author: Zazzle <2405677060@qq.com>
Date:   Wed Jun 12 22:40:00 2024 +0800

    finished 02.05: load binary file

commit 9a7266da1f325f233b53d5996b9763a0612c6108
Author: Zazzle <2405677060@qq.com>
Date:   Wed Jun 12 17:07:53 2024 +0800

    finished 02.04: alloc flash memory

commit d368b5e277eaea59642b33bf81d6f81d8610b3c2
Author: Zazzle <2405677060@qq.com>
Date:   Wed Jun 12 17:05:56 2024 +0800

    Emulator Init
